<?xml version="1.0" encoding="UTF-8"?>
<!-- Generated by org.testng.reporters.JUnitXMLReporter -->
<testsuite ignored="0" hostname="DESKTOP-U2Q1PT6" failures="0" tests="3" name="Test-1" time="139.436" errors="0" timestamp="2024-08-03T15:09:46 IST">
  <testcase classname="com.comcast.crm.OrgSuit.Organization" name="CreateOrganizationTest" time="34.504"/>
  <testcase classname="com.comcast.crm.OrgSuit.Organization" name="CreateOrganizationWithIndustryTest2" time="29.104"/>
  <testcase classname="com.comcast.crm.OrgSuit.Organization" name="CreateOrganizationWithPhoneNumberTest3" time="29.073"/>
</testsuite> <!-- Test-1 -->
