<?xml version="1.0" encoding="UTF-8"?>
<!-- Generated by org.testng.reporters.JUnitXMLReporter -->
<testsuite ignored="0" hostname="DESKTOP-U2Q1PT6" failures="0" tests="3" name="Test-2" time="152.561" errors="0" timestamp="2024-08-03T15:09:59 IST">
  <testcase classname="com.comcast.crm.ContSuit.Contact" name="CreateContactWithSupportDateTest" time="36.753"/>
  <testcase classname="com.comcast.crm.ContSuit.Contact" name="createContactTest" time="28.514"/>
  <testcase classname="com.comcast.crm.ContSuit.Contact" name="createContactWithOrgTest" time="46.231"/>
</testsuite> <!-- Test-2 -->
