<?xml version="1.0" encoding="UTF-8"?>
<!-- Generated by org.testng.reporters.JUnitReportReporter -->
<testsuite hostname="DESKTOP-U2Q1PT6" failures="0" tests="1" name="practice.testng.AssignmentDemoWebShop" time="18.336" errors="0" timestamp="2024-08-12T09:31:22 IST" skipped="0">
  <testcase classname="practice.testng.AssignmentDemoWebShop" name="workWithDemoWebShopApplication" time="18.336"/>
</testsuite> <!-- practice.testng.AssignmentDemoWebShop -->
