<?xml version="1.0" encoding="UTF-8"?>
<!-- Generated by org.testng.reporters.JUnitReportReporter -->
<testsuite hostname="DESKTOP-U2Q1PT6" failures="0" tests="2" name="practice.homepagetest.SamlpeTest" time="0.068" errors="0" timestamp="2024-08-05T14:33:19 IST" skipped="0">
  <testcase classname="practice.homepagetest.SamlpeTest" name="homeTest" time="0.056">
    <system-out>
      <![CDATA[homeTestTest starts
step-1
step-2
step-3
step-4
homeTestTest ends]]>
    </system-out>
  </testcase> <!-- homeTest -->
  <testcase classname="practice.homepagetest.SamlpeTest" name="verificationHomeTest" time="0.012">
    <system-out>
      <![CDATA[verificationHomeTestTest starts
step-1
step-2
step-3
step-4
verificationHomeTestTest ends]]>
    </system-out>
  </testcase> <!-- verificationHomeTest -->
  <system-out>
    <![CDATA[homeTestTest starts
step-1
step-2
step-3
step-4
homeTestTest ends
verificationHomeTestTest starts
step-1
step-2
step-3
step-4
verificationHomeTestTest ends]]>
  </system-out>
</testsuite> <!-- practice.homepagetest.SamlpeTest -->
