<?xml version="1.0" encoding="UTF-8"?>
<!-- Generated by org.testng.reporters.JUnitReportReporter -->
<testsuite hostname="DESKTOP-U2Q1PT6" failures="0" tests="3" name="practice.testng.CantactTest" time="0.033" errors="0" timestamp="2024-08-01T16:44:40 IST" skipped="0">
  <testcase classname="practice.testng.CantactTest" name="createContactTest" time="0.024"/>
  <testcase classname="practice.testng.CantactTest" name="modifyContactTest" time="0.003"/>
  <testcase classname="practice.testng.CantactTest" name="deleteContactTest" time="0.006"/>
</testsuite> <!-- practice.testng.CantactTest -->
