<?xml version="1.0" encoding="UTF-8"?>
<!-- Generated by org.testng.reporters.JUnitReportReporter -->
<testsuite hostname="DESKTOP-U2Q1PT6" failures="0" tests="3" name="com.comcast.crm.OrgSuit.Organization" time="128.632" errors="0" timestamp="2024-08-12T07:39:45 IST" skipped="0">
  <testcase classname="com.comcast.crm.OrgSuit.Organization" name="CreateOrganizationTest" time="75.323"/>
  <testcase classname="com.comcast.crm.OrgSuit.Organization" name="CreateOrganizationWithPhoneNumberTest3" time="26.975"/>
  <testcase classname="com.comcast.crm.OrgSuit.Organization" name="CreateOrganizationWithIndustryTest2" time="26.334"/>
</testsuite> <!-- com.comcast.crm.OrgSuit.Organization -->
