<?xml version="1.0" encoding="UTF-8"?>
<!-- Generated by org.testng.reporters.JUnitReportReporter -->
<testsuite hostname="DESKTOP-U2Q1PT6" failures="0" tests="2" name="crm.com.camcat.org.CreateOrgTest" time="0.039" errors="0" timestamp="2024-08-02T16:00:12 IST" skipped="0">
  <testcase classname="crm.com.camcat.org.CreateOrgTest" name="createOrgwithDate" time="0.016"/>
  <testcase classname="crm.com.camcat.org.CreateOrgTest" name="createOrgTest" time="0.023"/>
</testsuite> <!-- crm.com.camcat.org.CreateOrgTest -->
