<?xml version="1.0" encoding="UTF-8"?>
<!-- Generated by org.testng.reporters.JUnitReportReporter -->
<testsuite hostname="DESKTOP-U2Q1PT6" failures="0" tests="3" name="practice.testng.SampleTest" time="0.055" errors="0" timestamp="2024-08-01T15:17:23 IST" skipped="0">
  <testcase classname="practice.testng.SampleTest" name="createcontactWithMobileNumberTest" time="0.011"/>
  <testcase classname="practice.testng.SampleTest" name="test1" time="0.010"/>
  <testcase classname="practice.testng.SampleTest" name="createContactTest" time="0.034"/>
</testsuite> <!-- practice.testng.SampleTest -->
