<?xml version="1.0" encoding="UTF-8"?>
<!-- Generated by org.testng.reporters.JUnitReportReporter -->
<testsuite hostname="DESKTOP-U2Q1PT6" failures="0" tests="11" name="practice.testng.OrderTest" time="0.065" errors="0" timestamp="2024-08-01T16:51:42 IST" skipped="1">
  <testcase classname="practice.testng.OrderTest" name="createOrderTest" time="0.005"/>
  <testcase classname="practice.testng.OrderTest" name="createOrderTest" time="0.003"/>
  <testcase classname="practice.testng.OrderTest" name="createOrderTest" time="0.004"/>
  <testcase classname="practice.testng.OrderTest" name="createOrderTest" time="0.004"/>
  <testcase classname="practice.testng.OrderTest" name="createOrderTest" time="0.004"/>
  <testcase classname="practice.testng.OrderTest" name="createOrderTest" time="0.023"/>
  <testcase classname="practice.testng.OrderTest" name="createOrderTest" time="0.009"/>
  <testcase classname="practice.testng.OrderTest" name="createOrderTest" time="0.005"/>
  <testcase classname="practice.testng.OrderTest" name="createOrderTest" time="0.005"/>
  <testcase classname="practice.testng.OrderTest" name="createOrderTest" time="0.003"/>
  <testcase classname="practice.testng.OrderTest" name="billingAndOrderTest">
    <skipped/>
  </testcase> <!-- billingAndOrderTest -->
</testsuite> <!-- practice.testng.OrderTest -->
