<?xml version="1.0" encoding="UTF-8"?>
<!-- Generated by org.testng.reporters.JUnitReportReporter -->
<testsuite hostname="DESKTOP-U2Q1PT6" failures="0" tests="1" name="com.comcast.crm.contacttest.CreateContactWithOrgTest" time="50.112" errors="0" timestamp="2024-08-02T23:54:01 IST" skipped="0">
  <testcase classname="com.comcast.crm.contacttest.CreateContactWithOrgTest" name="createContactWithOrgTest" time="50.112"/>
</testsuite> <!-- com.comcast.crm.contacttest.CreateContactWithOrgTest -->
