<?xml version="1.0" encoding="UTF-8"?>
<!-- Generated by org.testng.reporters.JUnitReportReporter -->
<testsuite hostname="DESKTOP-U2Q1PT6" failures="0" tests="2" name="practice.test.CreateContactTest" time="0.033" errors="0" timestamp="2024-08-02T14:50:58 IST" skipped="0">
  <testcase classname="practice.test.CreateContactTest" name="createcontactwithDate" time="0.007"/>
  <testcase classname="practice.test.CreateContactTest" name="createContact" time="0.026"/>
</testsuite> <!-- practice.test.CreateContactTest -->
