<?xml version="1.0" encoding="UTF-8"?>
<!-- Generated by org.testng.reporters.JUnitReportReporter -->
<testsuite hostname="DESKTOP-U2Q1PT6" failures="0" tests="2" name="crm.com.comcat.cantact.CreateContactTest2" time="46.112" errors="0" timestamp="2024-08-03T13:40:15 IST" skipped="0">
  <testcase classname="crm.com.comcat.cantact.CreateContactTest2" name="createContactTest2" time="25.428"/>
  <testcase classname="crm.com.comcat.cantact.CreateContactTest2" name="createcontactwithDateTest" time="20.684"/>
</testsuite> <!-- crm.com.comcat.cantact.CreateContactTest2 -->
