<?xml version="1.0" encoding="UTF-8"?>
<!-- Generated by org.testng.reporters.JUnitReportReporter -->
<testsuite hostname="DESKTOP-U2Q1PT6" failures="0" tests="1" name="practice.testng.SampleReportTest" time="7.185" errors="0" timestamp="2024-08-10T10:56:39 IST" skipped="0">
  <testcase classname="practice.testng.SampleReportTest" name="createContactTest" time="7.185"/>
</testsuite> <!-- practice.testng.SampleReportTest -->
