<?xml version="1.0" encoding="UTF-8"?>
<!-- Generated by org.testng.reporters.JUnitReportReporter -->
<testsuite hostname="DESKTOP-U2Q1PT6" failures="0" tests="1" name="com.comcast.crm.orgtest.CreateOrganizationTest" time="37.272" errors="0" timestamp="2024-08-02T23:57:15 IST" skipped="0">
  <testcase classname="com.comcast.crm.orgtest.CreateOrganizationTest" name="CreateOrganizationTest" time="37.272"/>
</testsuite> <!-- com.comcast.crm.orgtest.CreateOrganizationTest -->
