<?xml version="1.0" encoding="UTF-8"?>
<!-- Generated by org.testng.reporters.JUnitReportReporter -->
<testsuite hostname="DESKTOP-U2Q1PT6" failures="0" tests="3" name="practice.testng.CreateContactDPwithPhTest" time="0.045" errors="0" timestamp="2024-08-11T22:01:26 IST" skipped="0">
  <testcase classname="practice.testng.CreateContactDPwithPhTest" name="createContactTest" time="0.005"/>
  <testcase classname="practice.testng.CreateContactDPwithPhTest" name="createContactTest" time="0.006"/>
  <testcase classname="practice.testng.CreateContactDPwithPhTest" name="createContactTest" time="0.034"/>
</testsuite> <!-- practice.testng.CreateContactDPwithPhTest -->
