<?xml version="1.0" encoding="UTF-8"?>
<!-- Generated by org.testng.reporters.JUnitReportReporter -->
<testsuite hostname="DESKTOP-U2Q1PT6" failures="0" tests="3" name="practice.testng.CreateContactUsingDataProviderTest" time="0.038" errors="0" timestamp="2024-08-02T10:21:23 IST" skipped="0">
  <testcase classname="practice.testng.CreateContactUsingDataProviderTest" name="createContactTest" time="0.004"/>
  <testcase classname="practice.testng.CreateContactUsingDataProviderTest" name="createContactTest" time="0.031"/>
  <testcase classname="practice.testng.CreateContactUsingDataProviderTest" name="createContactTest" time="0.003"/>
</testsuite> <!-- practice.testng.CreateContactUsingDataProviderTest -->
