<?xml version="1.0" encoding="UTF-8"?>
<!-- Generated by org.testng.reporters.JUnitReportReporter -->
<testsuite hostname="DESKTOP-U2Q1PT6" failures="0" tests="1" name="practice.homepagetest.SampleTestForScreenShot" time="10.430" errors="0" timestamp="2024-08-05T15:59:20 IST" skipped="0">
  <testcase classname="practice.homepagetest.SampleTestForScreenShot" name="amazonTest" time="10.430"/>
</testsuite> <!-- practice.homepagetest.SampleTestForScreenShot -->
