<?xml version="1.0" encoding="UTF-8"?>
<!-- Generated by org.testng.reporters.JUnitReportReporter -->
<testsuite hostname="DESKTOP-U2Q1PT6" failures="0" tests="1" name="com.comcast.crm.orgtest.CreateOrganizationWithPhoneNumberTest3" time="35.991" errors="0" timestamp="2024-08-03T00:02:38 IST" skipped="0">
  <testcase classname="com.comcast.crm.orgtest.CreateOrganizationWithPhoneNumberTest3" name="CreateOrganizationWithPhoneNumberTest3" time="35.991"/>
</testsuite> <!-- com.comcast.crm.orgtest.CreateOrganizationWithPhoneNumberTest3 -->
