<?xml version="1.0" encoding="UTF-8"?>
<!-- Generated by org.testng.reporters.JUnitReportReporter -->
<testsuite hostname="DESKTOP-U2Q1PT6" failures="0" tests="1" name="com.comcast.crm.orgtest.CreateOrganizationWithIndustryTest2" time="37.321" errors="0" timestamp="2024-08-03T00:01:03 IST" skipped="0">
  <testcase classname="com.comcast.crm.orgtest.CreateOrganizationWithIndustryTest2" name="CreateOrganizationWithIndustryTest2" time="37.321"/>
</testsuite> <!-- com.comcast.crm.orgtest.CreateOrganizationWithIndustryTest2 -->
