<?xml version="1.0" encoding="UTF-8"?>
<!-- Generated by org.testng.reporters.JUnitReportReporter -->
<testsuite hostname="DESKTOP-U2Q1PT6" failures="0" tests="3" name="com.comcast.crm.ContSuit.Organization" time="87.316" errors="0" timestamp="2024-08-03T00:12:20 IST" skipped="0">
  <testcase classname="com.comcast.crm.ContSuit.Organization" name="CreateOrganizationTest" time="33.295"/>
  <testcase classname="com.comcast.crm.ContSuit.Organization" name="CreateOrganizationWithIndustryTest2" time="25.756"/>
  <testcase classname="com.comcast.crm.ContSuit.Organization" name="CreateOrganizationWithPhoneNumberTest3" time="28.265"/>
</testsuite> <!-- com.comcast.crm.ContSuit.Organization -->
