<?xml version="1.0" encoding="UTF-8"?>
<!-- Generated by org.testng.reporters.JUnitReportReporter -->
<testsuite hostname="DESKTOP-U2Q1PT6" failures="0" tests="1" name="PracticeDDT.ReadDataFromTestNGXmlTest" time="0.026" errors="0" timestamp="2024-07-24T12:25:14 IST" skipped="0">
  <testcase classname="PracticeDDT.ReadDataFromTestNGXmlTest" name="sampleTest" time="0.026"/>
  <system-out/>
</testsuite> <!-- PracticeDDT.ReadDataFromTestNGXmlTest -->
